<?xml version="1.0" encoding="UTF-8"?>
<testng-results ignored="0" total="1" passed="1" failed="0" skipped="0">
  <reporter-output>
    <line>
      <![CDATA[hello]]>
    </line>
  </reporter-output>
  <suite started-at="2022-07-21T14:54:30 IST" name="Suite" finished-at="2022-07-21T14:54:30 IST" duration-ms="229">
    <groups>
    </groups>
    <test started-at="2022-07-21T14:54:30 IST" name="Test" finished-at="2022-07-21T14:54:30 IST" duration-ms="229">
      <class name="com.Practice.OrganisationAutomation">
        <test-method signature="organisationName()[pri:0, instance:com.Practice.OrganisationAutomation@156b88f5]" started-at="2022-07-21T14:54:30 IST" name="organisationName" finished-at="2022-07-21T14:54:30 IST" duration-ms="28" status="PASS">
          <reporter-output>
            <line>
              <![CDATA[hello]]>
            </line>
          </reporter-output>
        </test-method> <!-- organisationName -->
      </class> <!-- com.Practice.OrganisationAutomation -->
    </test> <!-- Test -->
  </suite> <!-- Suite -->
</testng-results>
